                     :-) GROMACS - gmx analyze, 2021.3 (-:

                            GROMACS is written by:
     Andrey Alekseenko              Emile Apol              Rossen Apostolov     
         Paul Bauer           Herman J.C. Berendsen           Par Bjelkmar       
       Christian Blau           Viacheslav Bolnykh             Kevin Boyd        
     Aldert van Buuren           Rudi van Drunen             Anton Feenstra      
    Gilles Gouaillardet             Alan Gray               Gerrit Groenhof      
       Anca Hamuraru            Vincent Hindriksen          M. Eric Irrgang      
      Aleksei Iupinov           Christoph Junghans             Joe Jordan        
    Dimitrios Karkoulis            Peter Kasson                Jiri Kraus        
      Carsten Kutzner              Per Larsson              Justin A. Lemkul     
       Viveca Lindahl            Magnus Lundborg             Erik Marklund       
        Pascal Merz             Pieter Meulenhoff            Teemu Murtola       
        Szilard Pall               Sander Pronk              Roland Schulz       
       Michael Shirts            Alexey Shvetsov             Alfons Sijbers      
       Peter Tieleman              Jon Vincent              Teemu Virolainen     
     Christian Wennberg            Maarten Wolf              Artem Zhmurov       
                           and the project leaders:
        Mark Abraham, Berk Hess, Erik Lindahl, and David van der Spoel

Copyright (c) 1991-2000, University of Groningen, The Netherlands.
Copyright (c) 2001-2019, The GROMACS development team at
Uppsala University, Stockholm University and
the Royal Institute of Technology, Sweden.
check out http://www.gromacs.org for more information.

GROMACS is free software; you can redistribute it and/or modify it
under the terms of the GNU Lesser General Public License
as published by the Free Software Foundation; either version 2.1
of the License, or (at your option) any later version.

GROMACS:      gmx analyze, version 2021.3
Executable:   /usr/local/gromacs-2021.3/bin/gmx
Data prefix:  /usr/local/gromacs-2021.3
Working dir:  /coarse/sami/titratable/titratable_martini_tutorial_files_worked/3_environment_dependent_pka_shifts/6.50/NpT
Command line:
  gmx analyze -f polystat.xvg -ee

Using fixed parameters in curve fitting is temporarily not working.
Using fixed parameters in curve fitting is temporarily not working.

GROMACS reminds you: "Does All This Money Really Have To Go To Charity ?" (Rick)

Read 5 sets of 2001 points, dt = 8

                                      std. dev.    relative deviation of
                       standard       ---------   cumulants from those of
set      average       deviation      sqrt(n-1)   a Gaussian distribition
                                                      cum. 3   cum. 4
SS1   1.616946e+00   2.394459e-01   5.354173e-03      -0.173   -0.015
SS2   1.214776e+00   2.623281e-02   5.865834e-04       0.212   -0.050
SS3   8.104325e-01   4.923743e-02   1.100982e-03       0.360   -0.088
SS4   6.929803e-01   3.009115e-02   6.728586e-04       0.020   -0.059
SS5   5.785254e-01   3.642209e-02   8.144226e-04      -0.207   -0.181

Set   1:  err.est. 0.0318771  a 0.335504  tau1 12.3725  tau2 207.233
Set   2:  err.est. 0.00745517  a 0.277434  tau1 14.3052  tau2 889.162
Set   3:  err.est. 0.0164117  a 0.149471  tau1 4.66412  tau2 1044.7
Warning: tau2 is longer than the length of the data (16000)
         the statistics might be bad
invalid fit:  e.e. 0.0430977  a 0.85611  tau1 74.9554  tau2 113660
Will fix tau2 at the total time: 16000
Set   4:  err.est. 0.009998  a 0.95  tau1 88  tau2 16000
Warning: tau2 is longer than the length of the data (16000)
         the statistics might be bad
invalid fit:  e.e. 9.74817  a 0.494339  tau1 103.375  tau2 1.13387e+09
Will fix tau2 at the total time: 16000
Set   5:  err.est. 0.0239022  a 0.805581  tau1 392.378  tau2 16104.4
