                     :-) GROMACS - gmx analyze, 2021.3 (-:

                            GROMACS is written by:
     Andrey Alekseenko              Emile Apol              Rossen Apostolov     
         Paul Bauer           Herman J.C. Berendsen           Par Bjelkmar       
       Christian Blau           Viacheslav Bolnykh             Kevin Boyd        
     Aldert van Buuren           Rudi van Drunen             Anton Feenstra      
    Gilles Gouaillardet             Alan Gray               Gerrit Groenhof      
       Anca Hamuraru            Vincent Hindriksen          M. Eric Irrgang      
      Aleksei Iupinov           Christoph Junghans             Joe Jordan        
    Dimitrios Karkoulis            Peter Kasson                Jiri Kraus        
      Carsten Kutzner              Per Larsson              Justin A. Lemkul     
       Viveca Lindahl            Magnus Lundborg             Erik Marklund       
        Pascal Merz             Pieter Meulenhoff            Teemu Murtola       
        Szilard Pall               Sander Pronk              Roland Schulz       
       Michael Shirts            Alexey Shvetsov             Alfons Sijbers      
       Peter Tieleman              Jon Vincent              Teemu Virolainen     
     Christian Wennberg            Maarten Wolf              Artem Zhmurov       
                           and the project leaders:
        Mark Abraham, Berk Hess, Erik Lindahl, and David van der Spoel

Copyright (c) 1991-2000, University of Groningen, The Netherlands.
Copyright (c) 2001-2019, The GROMACS development team at
Uppsala University, Stockholm University and
the Royal Institute of Technology, Sweden.
check out http://www.gromacs.org for more information.

GROMACS is free software; you can redistribute it and/or modify it
under the terms of the GNU Lesser General Public License
as published by the Free Software Foundation; either version 2.1
of the License, or (at your option) any later version.

GROMACS:      gmx analyze, version 2021.3
Executable:   /usr/local/gromacs-2021.3/bin/gmx
Data prefix:  /usr/local/gromacs-2021.3
Working dir:  /coarse/sami/titratable/titratable_martini_tutorial_files_worked/3_environment_dependent_pka_shifts/6.00/NpT
Command line:
  gmx analyze -f polystat.xvg -ee

Using fixed parameters in curve fitting is temporarily not working.

GROMACS reminds you: "There's Nothing We Can't Fix, 'coz We Can Do It in the Mix" (Indeep)

Read 5 sets of 2001 points, dt = 8

                                      std. dev.    relative deviation of
                       standard       ---------   cumulants from those of
set      average       deviation      sqrt(n-1)   a Gaussian distribition
                                                      cum. 3   cum. 4
SS1   1.191138e+00   4.476990e-01   1.001085e-02      -0.051   -0.379
SS2   1.279796e+00   2.433804e-02   5.442152e-04       0.081   -0.116
SS3   8.489296e-01   3.623604e-02   8.102626e-04       0.028   -0.139
SS4   7.480793e-01   3.980871e-02   8.901497e-04       0.016   -0.068
SS5   5.940487e-01   4.868420e-02   1.088612e-03      -0.091   -0.183

Set   1:  err.est. 0.280375  a 0.0741015  tau1 0.00374813  tau2 3390.38
Set   2:  err.est. 0.00320047  a 0.95826  tau1 138.408  tau2 138.409
Set   3:  err.est. 0.00684083  a 0.158574  tau1 4.94394  tau2 338.09
Warning: tau2 is longer than the length of the data (16000)
         the statistics might be bad
invalid fit:  e.e. 0.00963073  a 1  tau1 468.456  tau2 50908.4
Will fix tau2 at the total time: 16000
Set   4:  err.est. 0.0145796  a 0.95  tau1 288  tau2 16000
Set   5:  err.est. 0.0270464  a 0.581084  tau1 391.07  tau2 5354.41
