                     :-) GROMACS - gmx analyze, 2021.3 (-:

                            GROMACS is written by:
     Andrey Alekseenko              Emile Apol              Rossen Apostolov     
         Paul Bauer           Herman J.C. Berendsen           Par Bjelkmar       
       Christian Blau           Viacheslav Bolnykh             Kevin Boyd        
     Aldert van Buuren           Rudi van Drunen             Anton Feenstra      
    Gilles Gouaillardet             Alan Gray               Gerrit Groenhof      
       Anca Hamuraru            Vincent Hindriksen          M. Eric Irrgang      
      Aleksei Iupinov           Christoph Junghans             Joe Jordan        
    Dimitrios Karkoulis            Peter Kasson                Jiri Kraus        
      Carsten Kutzner              Per Larsson              Justin A. Lemkul     
       Viveca Lindahl            Magnus Lundborg             Erik Marklund       
        Pascal Merz             Pieter Meulenhoff            Teemu Murtola       
        Szilard Pall               Sander Pronk              Roland Schulz       
       Michael Shirts            Alexey Shvetsov             Alfons Sijbers      
       Peter Tieleman              Jon Vincent              Teemu Virolainen     
     Christian Wennberg            Maarten Wolf              Artem Zhmurov       
                           and the project leaders:
        Mark Abraham, Berk Hess, Erik Lindahl, and David van der Spoel

Copyright (c) 1991-2000, University of Groningen, The Netherlands.
Copyright (c) 2001-2019, The GROMACS development team at
Uppsala University, Stockholm University and
the Royal Institute of Technology, Sweden.
check out http://www.gromacs.org for more information.

GROMACS is free software; you can redistribute it and/or modify it
under the terms of the GNU Lesser General Public License
as published by the Free Software Foundation; either version 2.1
of the License, or (at your option) any later version.

GROMACS:      gmx analyze, version 2021.3
Executable:   /usr/local/gromacs-2021.3/bin/gmx
Data prefix:  /usr/local/gromacs-2021.3
Working dir:  /coarse/sami/titratable/titratable_martini_tutorial_files_worked/3_environment_dependent_pka_shifts/5.50/NpT
Command line:
  gmx analyze -f polystat.xvg -ee

Using fixed parameters in curve fitting is temporarily not working.

GROMACS reminds you: "The World is a Friendly Place" (Magnapop)

Read 5 sets of 2001 points, dt = 8

                                      std. dev.    relative deviation of
                       standard       ---------   cumulants from those of
set      average       deviation      sqrt(n-1)   a Gaussian distribition
                                                      cum. 3   cum. 4
SS1   1.498013e+00   4.770317e-01   1.066675e-02      -0.440   -0.150
SS2   1.339346e+00   2.815366e-02   6.295349e-04       0.218    0.028
SS3   8.716571e-01   4.101811e-02   9.171928e-04       0.352    0.250
SS4   7.633254e-01   3.380353e-02   7.558698e-04      -0.060    0.079
SS5   6.693803e-01   3.584935e-02   8.016159e-04      -0.207   -0.027

Set   1:  err.est. 0.220263  a 1  tau1 1706.46  tau2 12315.5
Set   2:  err.est. 0.00830242  a 0.264171  tau1 22.7245  tau2 937.795
Warning: tau2 is longer than the length of the data (16000)
         the statistics might be bad
invalid fit:  e.e. 0.0109289  a 1  tau1 568.208  tau2 33066.6
Will fix tau2 at the total time: 16000
Set   3:  err.est. 0.0147543  a 0.95  tau1 248  tau2 16000
Set   4:  err.est. 0.00833676  a 0.623088  tau1 91.4661  tau2 1140.42
Set   5:  err.est. 0.00688749  a 0.267114  tau1 41.4924  tau2 387.993
